<?xml version="1.0" encoding="UTF-8"?>
<!-- Generated by org.testng.reporters.JUnitReportReporter -->
<testsuite hostname="HumairaJarjees" name="com.nowriztech.config.singleton" tests="3" failures="0" timestamp="19 Jun 2014 01:44:09 GMT" time="54.152" errors="0">
  <testcase name="doLogin" time="18.058" classname="com.nowriztech.config.singleton"/>
  <testcase name="doLogin" time="17.984" classname="com.nowriztech.config.singleton"/>
  <testcase name="doLogin" time="18.110" classname="com.nowriztech.config.singleton"/>
</testsuite> <!-- com.nowriztech.config.singleton -->
