<?xml version="1.0" encoding="UTF-8"?>
<!-- Generated by org.testng.reporters.JUnitReportReporter -->
<testsuite hostname="HumairaJarjees" name="com.yahoo.test.yahoologin" tests="1" failures="0" timestamp="3 Oct 2014 20:57:06 GMT" time="4.331" errors="0">
  <testcase name="actualTest" time="4.331" classname="com.yahoo.test.yahoologin"/>
</testsuite> <!-- com.yahoo.test.yahoologin -->
