<?xml version="1.0" encoding="UTF-8"?>
<!-- Generated by org.testng.reporters.JUnitReportReporter -->
<testsuite hostname="HumairaJarjees" name="com.totalpractice.base.BaseClass" tests="1" failures="0" timestamp="25 May 2014 01:34:50 GMT" time="0.001" errors="0">
  <testcase name="basetesting" time="0.001" classname="com.totalpractice.base.BaseClass"/>
</testsuite> <!-- com.totalpractice.base.BaseClass -->
