<?xml version="1.0" encoding="UTF-8"?>
<!-- Generated by org.testng.reporters.JUnitReportReporter -->
<testsuite hostname="HumairaJarjees" name="test.GoogleTest" tests="1" failures="0" timestamp="5 Feb 2015 03:26:14 GMT" time="5.005" errors="0">
  <testcase name="googleTest" time="5.005" classname="test.GoogleTest"/>
</testsuite> <!-- test.GoogleTest -->
