<?xml version="1.0" encoding="UTF-8"?>
<!-- Generated by org.testng.reporters.JUnitReportReporter -->
<testsuite hostname="HumairaJarjees" name="newlesson.firstjava" tests="1" failures="0" timestamp="22 Apr 2014 12:31:49 GMT" time="16.666" errors="0">
  <testcase name="browser" time="16.666" classname="newlesson.firstjava"/>
</testsuite> <!-- newlesson.firstjava -->
