<?xml version="1.0" encoding="UTF-8"?>
<!-- Generated by org.testng.reporters.JUnitReportReporter -->
<testsuite hostname="HumairaJarjees" name="flipkart" tests="1" failures="0" timestamp="28 May 2014 13:50:03 GMT" time="8.515" errors="0">
  <testcase name="login" time="8.515" classname="flipkart"/>
</testsuite> <!-- flipkart -->
