<?xml version="1.0" encoding="UTF-8"?>
<!-- Generated by org.testng.reporters.JUnitReportReporter -->
<testsuite hostname="HumairaJarjees" name="testing.ConfigPractice" tests="1" failures="0" timestamp="29 May 2014 01:01:36 GMT" time="7.184" errors="0">
  <testcase name="doLogin" time="7.184" classname="testing.ConfigPractice"/>
</testsuite> <!-- testing.ConfigPractice -->
