<?xml version="1.0" encoding="UTF-8"?>
<!-- Generated by org.testng.reporters.JUnitReportReporter -->
<testsuite hostname="HumairaJarjees" name="testing.yahootestng" tests="1" failures="0" timestamp="27 May 2014 02:08:34 GMT" time="5.721" errors="0">
  <testcase name="testing" time="5.721" classname="testing.yahootestng"/>
</testsuite> <!-- testing.yahootestng -->
