<?xml version="1.0" encoding="UTF-8"?>
<!-- Generated by org.testng.reporters.JUnitReportReporter -->
<testsuite hostname="HumairaJarjees" name="testing.nowriztech" tests="1" failures="0" timestamp="3 May 2014 11:56:27 GMT" time="21.719" errors="0">
  <testcase name="testing" time="21.719" classname="testing.nowriztech"/>
</testsuite> <!-- testing.nowriztech -->
