<?xml version="1.0" encoding="UTF-8"?>
<!-- Generated by org.testng.reporters.JUnitReportReporter -->
<testsuite hostname="HumairaJarjees" name="testing.GroupTestcases" tests="3" failures="0" timestamp="9 Jul 2014 14:02:38 GMT" time="0.013" errors="0">
  <testcase name="changePassword" time="0.001" classname="testing.GroupTestcases"/>
  <testcase name="login" time="0.011" classname="testing.GroupTestcases"/>
  <testcase name="logOut" time="0.001" classname="testing.GroupTestcases"/>
</testsuite> <!-- testing.GroupTestcases -->
