<?xml version="1.0" encoding="UTF-8"?>
<!-- Generated by org.testng.reporters.JUnitReportReporter -->
<testsuite hostname="HumairaJarjees" name="testing.yahootest" tests="6" failures="0" timestamp="26 May 2014 13:29:01 GMT" time="26.534" errors="0">
  <testcase name="testing" time="5.237" classname="testing.yahootest"/>
  <testcase name="testing" time="3.839" classname="testing.yahootest"/>
  <testcase name="testing" time="3.897" classname="testing.yahootest"/>
  <testcase name="testing" time="3.934" classname="testing.yahootest"/>
  <testcase name="testing" time="5.994" classname="testing.yahootest"/>
  <testcase name="testing" time="3.633" classname="testing.yahootest"/>
</testsuite> <!-- testing.yahootest -->
