<?xml version="1.0" encoding="UTF-8"?>
<!-- Generated by org.testng.reporters.JUnitReportReporter -->
<testsuite hostname="HumairaJarjees" name="test.SendingMail2" tests="1" failures="0" timestamp="7 Feb 2015 04:22:38 GMT" time="0.001" errors="0">
  <testcase name="sentMail" time="0.001" classname="test.SendingMail2"/>
</testsuite> <!-- test.SendingMail2 -->
