<?xml version="1.0" encoding="UTF-8"?>
<!-- Generated by org.testng.reporters.JUnitReportReporter -->
<testsuite hostname="HumairaJarjees" name="test.ClickOnMenu" tests="1" failures="0" timestamp="9 Feb 2015 00:47:14 GMT" time="63.387" errors="0">
  <testcase name="testApp" time="63.387" classname="test.ClickOnMenu"/>
</testsuite> <!-- test.ClickOnMenu -->
