<?xml version="1.0" encoding="UTF-8"?>
<!-- Generated by org.testng.reporters.JUnitReportReporter -->
<testsuite hostname="HumairaJarjees" name="test.Testing2" tests="1" failures="0" timestamp="9 Feb 2015 02:21:53 GMT" time="0.010" errors="0">
  <testcase name="start" time="0.010" classname="test.Testing2"/>
</testsuite> <!-- test.Testing2 -->
