<?xml version="1.0" encoding="UTF-8"?>
<!-- Generated by org.testng.reporters.JUnitReportReporter -->
<testsuite hostname="HumairaJarjees" name="rough.yahoologintest" tests="1" failures="0" timestamp="20 Apr 2014 16:45:39 GMT" time="0.199" errors="0">
  <testcase name="yahootest" time="0.199" classname="rough.yahoologintest"/>
</testsuite> <!-- rough.yahoologintest -->
