<?xml version="1.0" encoding="UTF-8"?>
<!-- Generated by org.testng.reporters.JUnitReportReporter -->
<testsuite hostname="HumairaJarjees" name="testingwithtestng" tests="1" failures="0" timestamp="19 Apr 2014 01:01:00 GMT" time="2.631" errors="0">
  <testcase name="testing" time="2.631" classname="testingwithtestng"/>
</testsuite> <!-- testingwithtestng -->
