<?xml version="1.0" encoding="UTF-8"?>
<!-- Generated by org.testng.reporters.JUnitReportReporter -->
<testsuite hostname="HumairaJarjees" name="tests.JunitProject" tests="1" failures="0" timestamp="20 Jul 2014 20:07:49 GMT" time="0.000" errors="0">
  <testcase name="method1" time="0.000" classname="tests.JunitProject"/>
</testsuite> <!-- tests.JunitProject -->
