<?xml version="1.0" encoding="UTF-8"?>
<!-- Generated by org.testng.reporters.JUnitReportReporter -->
<testsuite hostname="HumairaJarjees" name="tests.Hello" tests="1" failures="0" timestamp="20 Jul 2014 20:07:49 GMT" time="0.009" errors="0">
  <testcase name="testing" time="0.009" classname="tests.Hello"/>
</testsuite> <!-- tests.Hello -->
