<?xml version="1.0" encoding="UTF-8"?>
<!-- Generated by org.testng.reporters.JUnitReportReporter -->
<testsuite hostname="HumairaJarjees" name="rough.pch" tests="4" failures="0" timestamp="4 Jun 2014 02:58:46 GMT" time="20.004" errors="0">
  <testcase name="testing" time="4.981" classname="rough.pch"/>
  <testcase name="testing" time="4.984" classname="rough.pch"/>
  <testcase name="testing" time="4.737" classname="rough.pch"/>
  <testcase name="testing" time="5.302" classname="rough.pch"/>
</testsuite> <!-- rough.pch -->
