<?xml version="1.0" encoding="UTF-8"?>
<!-- Generated by org.testng.reporters.JUnitReportReporter -->
<testsuite hostname="HumairaJarjees" name="newpackage.NewTest" tests="1" failures="0" timestamp="9 Feb 2015 02:19:59 GMT" time="5.998" errors="0">
  <testcase name="test" time="5.998" classname="newpackage.NewTest"/>
</testsuite> <!-- newpackage.NewTest -->
